2025-11-27 11:04:42.023 [info] Starting Python Locator /home/david/.vscode/extensions/ms-python.python-2025.18.0-linux-x64/python-env-tools/bin/pet server
2025-11-27 11:04:44.676 [info] Discovered env: /home/david/Uni/Text-to-3D/open3d_env/bin/python
2025-11-27 11:04:44.709 [info] Discovered env: /bin/python
2025-11-27 11:04:44.710 [info] Discovered env: /usr/bin/python
2025-11-27 11:04:44.711 [info] Discovered env: /bin/python3.10
2025-11-27 11:04:44.712 [info] Discovered env: /usr/bin/python3.10
2025-11-27 11:04:44.713 [info] Env ("/sbin/python") in Path resolved as ResolvedPythonEnv { executable: "/sbin/python", prefix: "/usr", version: "3.13.7.final.0", is64_bit: true, symlinks: Some(["/sbin/python"]) } and reported as Some(GlobalPaths)
2025-11-27 11:04:44.713 [info] Discovered env: /sbin/python
2025-11-27 11:04:44.714 [info] Env ("/usr/sbin/python") in Path resolved as ResolvedPythonEnv { executable: "/usr/sbin/python", prefix: "/usr", version: "3.13.7.final.0", is64_bit: true, symlinks: Some(["/usr/sbin/python"]) } and reported as Some(GlobalPaths)
2025-11-27 11:04:44.714 [info] Discovered env: /usr/sbin/python
2025-11-27 11:04:44.715 [info] Env ("/home/david/.local/share/mise/installs/python/3.14.0/bin/python") in Path resolved as ResolvedPythonEnv { executable: "/home/david/.local/share/mise/installs/python/3.14.0/bin/python", prefix: "/home/david/.local/share/mise/installs/python/3.14.0", version: "3.14.0.final.0", is64_bit: true, symlinks: Some(["/home/david/.local/share/mise/installs/python/3.14.0/bin/python"]) } and reported as Some(GlobalPaths)
2025-11-27 11:04:44.715 [info] Discovered env: /home/david/.local/share/mise/installs/python/3.14.0/bin/python
2025-11-27 11:04:44.715 [info] Env ("/sbin/python3") in Path resolved as ResolvedPythonEnv { executable: "/sbin/python3", prefix: "/usr", version: "3.13.7.final.0", is64_bit: true, symlinks: Some(["/sbin/python3"]) } and reported as Some(GlobalPaths)
2025-11-27 11:04:44.715 [info] Env ("/usr/sbin/python3") in Path resolved as ResolvedPythonEnv { executable: "/usr/sbin/python3", prefix: "/usr", version: "3.13.7.final.0", is64_bit: true, symlinks: Some(["/usr/sbin/python3"]) } and reported as Some(GlobalPaths)
2025-11-27 11:04:44.715 [info] Discovered env: /sbin/python3
2025-11-27 11:04:44.716 [info] Discovered env: /usr/sbin/python3
2025-11-27 11:04:44.718 [info] Env ("/home/david/.local/share/mise/installs/python/3.14.0/bin/python3") in Path resolved as ResolvedPythonEnv { executable: "/home/david/.local/share/mise/installs/python/3.14.0/bin/python3", prefix: "/home/david/.local/share/mise/installs/python/3.14.0", version: "3.14.0.final.0", is64_bit: true, symlinks: Some(["/home/david/.local/share/mise/installs/python/3.14.0/bin/python3"]) } and reported as Some(GlobalPaths)
2025-11-27 11:04:44.719 [info] Env ("/usr/sbin/python3.10") in Path resolved as ResolvedPythonEnv { executable: "/usr/sbin/python3.10", prefix: "/usr", version: "3.10.19.final.0", is64_bit: true, symlinks: Some(["/usr/sbin/python3.10"]) } and reported as Some(GlobalPaths)
2025-11-27 11:04:44.719 [info] Discovered env: /usr/sbin/python3.10
2025-11-27 11:04:44.719 [info] Env ("/sbin/python3.10") in Path resolved as ResolvedPythonEnv { executable: "/sbin/python3.10", prefix: "/usr", version: "3.10.19.final.0", is64_bit: true, symlinks: Some(["/sbin/python3.10"]) } and reported as Some(GlobalPaths)
2025-11-27 11:04:44.720 [info] Discovered env: /sbin/python3.10
2025-11-27 11:04:44.720 [info] Env ("/home/david/.local/share/mise/installs/python/3.14.0/bin/python3.14") in Path resolved as ResolvedPythonEnv { executable: "/home/david/.local/share/mise/installs/python/3.14.0/bin/python3.14", prefix: "/home/david/.local/share/mise/installs/python/3.14.0", version: "3.14.0.final.0", is64_bit: true, symlinks: Some(["/home/david/.local/share/mise/installs/python/3.14.0/bin/python3.14"]) } and reported as Some(GlobalPaths)
2025-11-27 11:04:44.721 [info] Env ("/usr/sbin/python3.13") in Path resolved as ResolvedPythonEnv { executable: "/usr/sbin/python3.13", prefix: "/usr", version: "3.13.7.final.0", is64_bit: true, symlinks: Some(["/usr/sbin/python3.13"]) } and reported as Some(GlobalPaths)
2025-11-27 11:04:44.721 [info] Discovered env: /usr/sbin/python3.13
2025-11-27 11:04:44.721 [info] Env ("/sbin/python3.13") in Path resolved as ResolvedPythonEnv { executable: "/sbin/python3.13", prefix: "/usr", version: "3.13.7.final.0", is64_bit: true, symlinks: Some(["/sbin/python3.13"]) } and reported as Some(GlobalPaths)
2025-11-27 11:04:44.721 [info] Discovered env: /sbin/python3.13
2025-11-27 11:04:44.721 [info] Locator Conda took 481.060129ms
2025-11-27 11:04:44.722 [info] Locator Homebrew took 2.937424ms
2025-11-27 11:04:44.722 [info] Locator LinuxGlobal took 676.876002ms
2025-11-27 11:04:44.722 [info] Locator PipEnv took 67.989µs
2025-11-27 11:04:44.722 [info] Locator Pixi took 43.021µs
2025-11-27 11:04:44.722 [info] Locator Poetry took 2.313803ms
2025-11-27 11:04:44.722 [info] Locator PyEnv took 2.720946ms
2025-11-27 11:04:44.722 [info] Locator Venv took 76.184µs
2025-11-27 11:04:44.722 [info] Locator VirtualEnv took 240.24µs
2025-11-27 11:04:44.722 [info] Locator VirtualEnvWrapper took 66.188µs
2025-11-27 11:04:44.722 [info] Locator GlobalVirtualEnvs took 569.849µs
2025-11-27 11:04:44.722 [info] Locator Locators took 680.694312ms
2025-11-27 11:04:44.722 [info] Locator Path took 973.003927ms
2025-11-27 11:04:44.722 [info] Locator Workspaces took 485.997204ms
2025-11-27 11:04:44.722 [info] Refresh completed in 975ms
2025-11-27 11:04:44.725 [info] Resolved Python Environment /home/david/Uni/Text-to-3D/open3d_env/bin/python
