2025-11-12 14:18:07 Loading main app package /usr/lib/obsidian/obsidian.asar
2025-11-12 14:18:08 Checking for update using Github
2025-11-12 14:18:08 Success.
2025-11-12 14:18:08 Latest version is 1.10.3
2025-11-12 14:18:08 Downloading update from https://github.com/obsidianmd/obsidian-releases/releases/download/v1.10.3/obsidian-1.10.3.asar.gz
2025-11-12 14:18:09 Verifying hash & signature. Size= 9053948
2025-11-12 14:18:09 Saving file
2025-11-12 14:18:10 Update complete.
2025-11-12 18:57:24 Loading updated app package /home/david/.config/obsidian/obsidian-1.10.3.asar
2025-11-12 18:57:24 Checking for update using Github
2025-11-12 18:57:25 Success.
2025-11-12 18:57:25 Latest version is 1.10.3
2025-11-12 18:57:25 App is up to date.
2025-11-12 21:51:57 Checking for update using Github
2025-11-12 21:51:58 Success.
2025-11-12 21:51:58 Latest version is 1.10.3
2025-11-12 21:51:58 App is up to date.
2025-11-24 13:01:31 Loading main app package /usr/lib/obsidian/obsidian.asar
2025-11-24 13:01:31 Checking for update using Github
2025-11-24 13:01:31 Success.
2025-11-24 13:01:31 Latest version is 1.10.3
2025-11-24 13:01:31 App is up to date.
2025-11-24 13:51:01 Loading main app package /usr/lib/obsidian/obsidian.asar
2025-11-24 13:51:01 Checking for update using Github
2025-11-24 13:51:02 Success.
2025-11-24 13:51:02 Latest version is 1.10.3
2025-11-24 13:51:02 App is up to date.
2025-11-26 12:58:23 Loading main app package /usr/lib/obsidian/obsidian.asar
2025-11-26 12:58:23 Checking for update using Github
2025-11-26 12:58:23 Success.
2025-11-26 12:58:23 Latest version is 1.10.6
2025-11-26 12:58:23 Downloading update from https://github.com/obsidianmd/obsidian-releases/releases/download/v1.10.6/obsidian-1.10.6.asar.gz
2025-11-26 12:58:24 Verifying hash & signature. Size= 9054843
2025-11-26 12:58:24 Saving file
2025-11-26 12:58:24 Update complete.
