ERROR 2025-11-18T20:00:18.756+00:00 ThreadId(10) [1P:op-settings/src/store/json_store.rs:82] Os { code: 2, kind: NotFound, message: "No such file or directory" }
INFO  2025-11-18T20:00:18.757+00:00 ThreadId(10) [1P:op-settings/src/store/json_store.rs:118] Settings file "/home/<redacted-username>/.config/1Password/settings/settings.json" missing, using defaults.
INFO  2025-11-18T20:00:18.765+00:00 ThreadId(10) [client:typescript] Client starting.
ERROR 2025-11-18T20:00:21.051+00:00 ThreadId(10) [1P:op-crash-reporting/src/crash_report.rs:156] Failed to load crash reports from disk: Os { code: 2, kind: NotFound, message: "No such file or directory" }
INFO  2025-11-18T20:00:21.066+00:00 ThreadId(10) [1P:op-localization/src/lib.rs:239] system locale detected as 'en-US'
INFO  2025-11-18T20:00:21.066+00:00 ThreadId(10) [1P:op-localization/src/lib.rs:265] selected translations for EN_US based on detected locale en-US
INFO  2025-11-18T20:00:21.066+00:00 ThreadId(10) [status:app/op-app/src/app.rs:1031] App::new(1Password for Linux/81118030 (EN_US), /home/<redacted-username>/.config/1Password)
INFO  2025-11-18T20:00:21.103+00:00 ThreadId(10) [1P:data/op-db/src/common/mod.rs:186] Core DB Integrity Check Succeeded
INFO  2025-11-18T20:00:21.103+00:00 ThreadId(10) [1P:data/op-db/src/core_db/db.rs:145] Starting Core DB at version: 0
INFO  2025-11-18T20:00:21.103+00:00 ThreadId(10) [1P:data/op-db/src/core_db/db.rs:163] Database is being created at '/home/<redacted-username>/.config/1Password/1password.sqlite' (sqlite: 3050002)
INFO  2025-11-18T20:00:21.121+00:00 ThreadId(10) [1P:data/op-db/src/core_db/db.rs:564] Updated DB Schema to version 001
INFO  2025-11-18T20:00:21.128+00:00 ThreadId(10) [1P:data/op-db/src/core_db/db.rs:588] Updated DB Schema to version 002
INFO  2025-11-18T20:00:21.136+00:00 ThreadId(10) [1P:data/op-db/src/core_db/db.rs:600] Updated DB Schema to version 003
INFO  2025-11-18T20:00:21.141+00:00 ThreadId(10) [1P:data/op-db/src/core_db/db.rs:616] Updated DB Schema to version 005
INFO  2025-11-18T20:00:21.148+00:00 ThreadId(10) [1P:data/op-db/src/core_db/db.rs:632] Updated DB Schema to version 006
INFO  2025-11-18T20:00:21.154+00:00 ThreadId(10) [1P:data/op-db/src/core_db/db.rs:646] Updated DB Schema to version 007
INFO  2025-11-18T20:00:21.159+00:00 ThreadId(10) [1P:data/op-db/src/core_db/db.rs:660] Updated DB Schema to version 008
INFO  2025-11-18T20:00:21.165+00:00 ThreadId(10) [1P:data/op-db/src/core_db/db.rs:674] Updated DB Schema to version 009
INFO  2025-11-18T20:00:21.171+00:00 ThreadId(10) [1P:data/op-db/src/core_db/db.rs:688] Updated DB Schema to version 011
INFO  2025-11-18T20:00:21.172+00:00 ThreadId(10) [1P:data/op-db/src/core_db/db.rs:703] Updated DB Schema to version 012
INFO  2025-11-18T20:00:21.177+00:00 ThreadId(10) [1P:data/op-db/src/core_db/db.rs:717] Updated DB Schema to version 013
INFO  2025-11-18T20:00:21.184+00:00 ThreadId(10) [1P:data/op-db/src/core_db/db.rs:731] Updated DB Schema to version 014
INFO  2025-11-18T20:00:21.190+00:00 ThreadId(10) [1P:data/op-db/src/core_db/db.rs:745] Updated DB Schema to version 015
INFO  2025-11-18T20:00:21.197+00:00 ThreadId(10) [1P:data/op-db/src/core_db/db.rs:759] Updated DB Schema to version 016
INFO  2025-11-18T20:00:21.208+00:00 ThreadId(10) [1P:data/op-db/src/core_db/db.rs:773] Updated DB Schema to version 017
INFO  2025-11-18T20:00:21.216+00:00 ThreadId(10) [1P:data/op-db/src/core_db/db.rs:787] Updated DB Schema to version 018
INFO  2025-11-18T20:00:21.221+00:00 ThreadId(10) [1P:data/op-db/src/core_db/db.rs:801] Updated DB Schema to version 019
INFO  2025-11-18T20:00:21.234+00:00 ThreadId(10) [1P:data/op-db/src/core_db/db.rs:918] Updated DB Schema to version 021
INFO  2025-11-18T20:00:21.240+00:00 ThreadId(10) [1P:data/op-db/src/core_db/db.rs:932] Updated DB Schema to version 022
INFO  2025-11-18T20:00:21.247+00:00 ThreadId(10) [1P:data/op-db/src/core_db/db.rs:946] Updated DB Schema to version 023
INFO  2025-11-18T20:00:21.254+00:00 ThreadId(10) [1P:data/op-db/src/core_db/db.rs:960] Updated DB Schema to version 024
INFO  2025-11-18T20:00:21.261+00:00 ThreadId(10) [1P:data/op-db/src/core_db/db.rs:974] Updated DB Schema to version 025
INFO  2025-11-18T20:00:21.267+00:00 ThreadId(10) [1P:data/op-db/src/core_db/db.rs:1090] Updated DB Schema to version 026
INFO  2025-11-18T20:00:21.273+00:00 ThreadId(10) [1P:data/op-db/src/core_db/db.rs:1104] Updated DB Schema to version 027
INFO  2025-11-18T20:00:21.281+00:00 ThreadId(10) [1P:data/op-db/src/core_db/db.rs:1118] Updated DB Schema to version 028
INFO  2025-11-18T20:00:21.287+00:00 ThreadId(10) [1P:data/op-db/src/core_db/db.rs:1132] Updated DB Schema to version 029
INFO  2025-11-18T20:00:21.293+00:00 ThreadId(10) [1P:data/op-db/src/core_db/db.rs:1146] Updated DB Schema to version 030
INFO  2025-11-18T20:00:21.299+00:00 ThreadId(10) [1P:data/op-db/src/core_db/db.rs:1159] Updated DB Schema to version 031
INFO  2025-11-18T20:00:21.305+00:00 ThreadId(10) [1P:data/op-db/src/core_db/db.rs:1172] Updated DB Schema to version 032
INFO  2025-11-18T20:00:21.312+00:00 ThreadId(10) [1P:data/op-db/src/core_db/db.rs:1185] Updated DB Schema to version 033
INFO  2025-11-18T20:00:21.320+00:00 ThreadId(10) [1P:data/op-db/src/core_db/db.rs:1198] Updated DB Schema to version 034
INFO  2025-11-18T20:00:21.326+00:00 ThreadId(10) [1P:data/op-db/src/core_db/db.rs:1211] Updated DB Schema to version 035
INFO  2025-11-18T20:00:21.332+00:00 ThreadId(10) [1P:data/op-db/src/core_db/db.rs:1224] Updated DB Schema to version 036
INFO  2025-11-18T20:00:21.338+00:00 ThreadId(10) [1P:data/op-db/src/core_db/db.rs:1237] Updated DB Schema to version 037
INFO  2025-11-18T20:00:21.344+00:00 ThreadId(10) [1P:data/op-db/src/core_db/db.rs:1250] Updated DB Schema to version 038
INFO  2025-11-18T20:00:21.350+00:00 ThreadId(10) [1P:data/op-db/src/core_db/db.rs:1262] Updated DB Schema to version 039
INFO  2025-11-18T20:00:21.356+00:00 ThreadId(10) [1P:data/op-db/src/core_db/db.rs:1275] Updated DB Schema to version 040
INFO  2025-11-18T20:00:21.362+00:00 ThreadId(10) [1P:data/op-db/src/core_db/db.rs:1288] Updated DB Schema to version 041
INFO  2025-11-18T20:00:21.368+00:00 ThreadId(10) [1P:data/op-db/src/core_db/db.rs:1301] Updated DB Schema to version 042
INFO  2025-11-18T20:00:21.374+00:00 ThreadId(10) [1P:data/op-db/src/core_db/db.rs:1314] Updated DB Schema to version 043
INFO  2025-11-18T20:00:21.381+00:00 ThreadId(10) [1P:data/op-db/src/core_db/db.rs:1330] Updated DB Schema to version 044
INFO  2025-11-18T20:00:21.387+00:00 ThreadId(10) [1P:data/op-db/src/core_db/db.rs:1343] Updated DB Schema to version 045
INFO  2025-11-18T20:00:21.393+00:00 ThreadId(10) [1P:data/op-db/src/core_db/db.rs:1356] Updated DB Schema to version 046
INFO  2025-11-18T20:00:21.394+00:00 ThreadId(10) [1P:data/op-db/src/common/mod.rs:155] Core DB Table Integrity Check Succeeded
INFO  2025-11-18T20:00:21.423+00:00 ThreadId(10) [1P:data/op-db/src/common/mod.rs:186] Resources DB Integrity Check Succeeded
INFO  2025-11-18T20:00:21.423+00:00 ThreadId(10) [1P:data/op-db/src/common/mod.rs:155] Resources DB Table Integrity Check Succeeded
INFO  2025-11-18T20:00:21.423+00:00 ThreadId(10) [1P:data/op-db/src/resources_db/db.rs:110] Starting Resources DB at version: 0
INFO  2025-11-18T20:00:21.423+00:00 ThreadId(10) [1P:data/op-db/src/resources_db/db.rs:122] Resources Database is being created at '/home/<redacted-username>/.config/1Password/1password_resources.sqlite' (sqlite: 3050002)
INFO  2025-11-18T20:00:21.441+00:00 ThreadId(10) [1P:data/op-db/src/resources_db/db.rs:220] Updated DB Schema to version 001
INFO  2025-11-18T20:00:21.460+00:00 ThreadId(10) [1P:ssh/op-ssh-config/src/lib.rs:380] agent not configured
ERROR 2025-11-18T20:00:21.475+00:00 runtime-worker(ThreadId(1)) [1P:foundation/op-network-monitor/src/linux.rs:195] Failed to retrieve initial metering setting: MeteringQuery
INFO  2025-11-18T20:00:21.480+00:00 ThreadId(10) [1P:native-messaging/op-nm-installer/src/nix_utils.rs:48] Creating manifest directory for Chromium at /home/<redacted-username>/.config/google-chrome/NativeMessagingHosts
INFO  2025-11-18T20:00:21.480+00:00 ThreadId(10) [1P:native-messaging/op-nm-installer/src/nix_utils.rs:68] Created NMH manifest at /home/<redacted-username>/.config/google-chrome/NativeMessagingHosts/com.1password.1password.json
INFO  2025-11-18T20:00:21.480+00:00 ThreadId(10) [1P:native-messaging/op-nm-installer/src/nix_utils.rs:48] Creating manifest directory for Chromium at /home/<redacted-username>/.config/google-chrome-beta/NativeMessagingHosts
INFO  2025-11-18T20:00:21.480+00:00 ThreadId(10) [1P:native-messaging/op-nm-installer/src/nix_utils.rs:68] Created NMH manifest at /home/<redacted-username>/.config/google-chrome-beta/NativeMessagingHosts/com.1password.1password.json
INFO  2025-11-18T20:00:21.480+00:00 ThreadId(10) [1P:native-messaging/op-nm-installer/src/nix_utils.rs:48] Creating manifest directory for Chromium at /home/<redacted-username>/.config/google-chrome-unstable/NativeMessagingHosts
INFO  2025-11-18T20:00:21.480+00:00 ThreadId(10) [1P:native-messaging/op-nm-installer/src/nix_utils.rs:68] Created NMH manifest at /home/<redacted-username>/.config/google-chrome-unstable/NativeMessagingHosts/com.1password.1password.json
INFO  2025-11-18T20:00:21.481+00:00 ThreadId(10) [1P:native-messaging/op-nm-installer/src/nix_utils.rs:68] Created NMH manifest at /home/<redacted-username>/.config/chromium/NativeMessagingHosts/com.1password.1password.json
INFO  2025-11-18T20:00:21.481+00:00 ThreadId(10) [1P:native-messaging/op-nm-installer/src/nix_utils.rs:48] Creating manifest directory for Chromium at /home/<redacted-username>/.config/microsoft-edge-dev/NativeMessagingHosts
INFO  2025-11-18T20:00:21.481+00:00 ThreadId(10) [1P:native-messaging/op-nm-installer/src/nix_utils.rs:68] Created NMH manifest at /home/<redacted-username>/.config/microsoft-edge-dev/NativeMessagingHosts/com.1password.1password.json
INFO  2025-11-18T20:00:21.481+00:00 ThreadId(10) [1P:native-messaging/op-nm-installer/src/nix_utils.rs:48] Creating manifest directory for Chromium at /home/<redacted-username>/.config/BraveSoftware/Brave-Browser/NativeMessagingHosts
INFO  2025-11-18T20:00:21.481+00:00 ThreadId(10) [1P:native-messaging/op-nm-installer/src/nix_utils.rs:68] Created NMH manifest at /home/<redacted-username>/.config/BraveSoftware/Brave-Browser/NativeMessagingHosts/com.1password.1password.json
INFO  2025-11-18T20:00:21.481+00:00 ThreadId(10) [1P:native-messaging/op-nm-installer/src/nix_utils.rs:48] Creating manifest directory for Chromium at /home/<redacted-username>/.config/vivaldi/NativeMessagingHosts
INFO  2025-11-18T20:00:21.481+00:00 ThreadId(10) [1P:native-messaging/op-nm-installer/src/nix_utils.rs:68] Created NMH manifest at /home/<redacted-username>/.config/vivaldi/NativeMessagingHosts/com.1password.1password.json
INFO  2025-11-18T20:00:21.481+00:00 ThreadId(10) [1P:native-messaging/op-nm-installer/src/nix_utils.rs:48] Creating manifest directory for Chromium at /home/<redacted-username>/.config/vivaldi-snapshot/NativeMessagingHosts
INFO  2025-11-18T20:00:21.481+00:00 ThreadId(10) [1P:native-messaging/op-nm-installer/src/nix_utils.rs:68] Created NMH manifest at /home/<redacted-username>/.config/vivaldi-snapshot/NativeMessagingHosts/com.1password.1password.json
INFO  2025-11-18T20:00:21.482+00:00 ThreadId(10) [1P:native-messaging/op-nm-installer/src/nix_utils.rs:48] Creating manifest directory for Firefox at /home/<redacted-username>/.mozilla/native-messaging-hosts
INFO  2025-11-18T20:00:21.482+00:00 ThreadId(10) [1P:native-messaging/op-nm-installer/src/nix_utils.rs:68] Created NMH manifest at /home/<redacted-username>/.mozilla/native-messaging-hosts/com.1password.1password.json
INFO  2025-11-18T20:00:21.482+00:00 ThreadId(10) [1P:native-messaging/op-nm-installer/src/nix_utils.rs:83] Successfully installed all native messaging manifests.
INFO  2025-11-18T20:00:21.483+00:00 runtime-worker(ThreadId(1)) [1P:op-global-shortcuts/src/node.rs:38] Global shortcut registration is not available on this system.
INFO  2025-11-18T20:00:21.483+00:00 runtime-worker(ThreadId(8)) [1P:op-global-shortcuts/src/node.rs:38] Global shortcut registration is not available on this system.
INFO  2025-11-18T20:00:21.484+00:00 ThreadId(10) [1P:app/op-app/src/app.rs:1701] initializing Developer Environment mount handler
INFO  2025-11-18T20:00:21.484+00:00 runtime-worker(ThreadId(5)) [1P:app/op-app-common/src/unlocked_session_keepalive.rs:70] Starting unlocked session keepalive
INFO  2025-11-18T20:00:21.485+00:00 runtime-worker(ThreadId(6)) [1P:native-messaging/op-nm-installer/src/nix_utils.rs:68] Created NMH manifest at /home/<redacted-username>/.config/google-chrome/NativeMessagingHosts/com.1password.1password.json
INFO  2025-11-18T20:00:21.485+00:00 runtime-worker(ThreadId(6)) [1P:native-messaging/op-nm-installer/src/nix_utils.rs:68] Created NMH manifest at /home/<redacted-username>/.config/google-chrome-beta/NativeMessagingHosts/com.1password.1password.json
INFO  2025-11-18T20:00:21.485+00:00 runtime-worker(ThreadId(6)) [1P:native-messaging/op-nm-installer/src/nix_utils.rs:68] Created NMH manifest at /home/<redacted-username>/.config/google-chrome-unstable/NativeMessagingHosts/com.1password.1password.json
INFO  2025-11-18T20:00:21.485+00:00 runtime-worker(ThreadId(6)) [1P:native-messaging/op-nm-installer/src/nix_utils.rs:68] Created NMH manifest at /home/<redacted-username>/.config/chromium/NativeMessagingHosts/com.1password.1password.json
INFO  2025-11-18T20:00:21.485+00:00 runtime-worker(ThreadId(6)) [1P:native-messaging/op-nm-installer/src/nix_utils.rs:68] Created NMH manifest at /home/<redacted-username>/.config/microsoft-edge-dev/NativeMessagingHosts/com.1password.1password.json
INFO  2025-11-18T20:00:21.485+00:00 runtime-worker(ThreadId(6)) [1P:native-messaging/op-nm-installer/src/nix_utils.rs:68] Created NMH manifest at /home/<redacted-username>/.config/BraveSoftware/Brave-Browser/NativeMessagingHosts/com.1password.1password.json
INFO  2025-11-18T20:00:21.485+00:00 runtime-worker(ThreadId(6)) [1P:native-messaging/op-nm-installer/src/nix_utils.rs:68] Created NMH manifest at /home/<redacted-username>/.config/vivaldi/NativeMessagingHosts/com.1password.1password.json
INFO  2025-11-18T20:00:21.485+00:00 runtime-worker(ThreadId(6)) [1P:native-messaging/op-nm-installer/src/nix_utils.rs:68] Created NMH manifest at /home/<redacted-username>/.config/vivaldi-snapshot/NativeMessagingHosts/com.1password.1password.json
INFO  2025-11-18T20:00:21.486+00:00 runtime-worker(ThreadId(6)) [1P:native-messaging/op-nm-installer/src/nix_utils.rs:68] Created NMH manifest at /home/<redacted-username>/.mozilla/native-messaging-hosts/com.1password.1password.json
INFO  2025-11-18T20:00:21.486+00:00 runtime-worker(ThreadId(6)) [1P:native-messaging/op-nm-installer/src/nix_utils.rs:83] Successfully installed all native messaging manifests.
ERROR 2025-11-18T20:00:21.487+00:00 runtime-worker(ThreadId(6)) [1P:native-messaging/op-native-core-integration/src/lib.rs:618] Listener on SETTING_STATUS has been dropped, unable to communicate changes made to browser SLS setting
INFO  2025-11-18T20:00:21.487+00:00 runtime-worker(ThreadId(1)) [1P:native-messaging/op-native-core-integration/src/lib.rs:428] Starting IPC listener on 1Password-BrowserSupport
ERROR 2025-11-18T20:00:21.487+00:00 ThreadId(10) [1P:ffi/op-core-node/src/lib.rs:558] Io(Os { code: 2, kind: NotFound, message: "No such file or directory" })
INFO  2025-11-18T20:00:21.487+00:00 runtime-worker(ThreadId(6)) [1P:native-messaging/op-native-core-integration/src/lib.rs:440] Active native core integration is awaiting messages
INFO  2025-11-18T20:00:21.491+00:00 runtime-worker(ThreadId(4)) [1P:ssh/op-agent-controller/src/lib.rs:577] Starting filesystem watcher for SSH agent configuration directories...
ERROR 2025-11-18T20:00:21.491+00:00 runtime-worker(ThreadId(4)) [1P:/mnt/ephemeral/builds/dev/core/core/ssh/op-agent-controller/src/lib.rs:578] Io(Os { code: 2, kind: NotFound, message: "No such file or directory" })
ERROR 2025-11-18T20:00:21.635+00:00 ThreadId(10) [client:typescript] Could not load window state.
INFO  2025-11-18T20:00:21.730+00:00 1p-enable-crash-reporter(ThreadId(13)) [1P:op-crash-reporting/src/crash_handler.rs:276] Started crash handler thread
INFO  2025-11-18T20:00:24.680+00:00 runtime-worker(ThreadId(8)) [1P:app/op-app/src/app/backend/frontend.rs:22] Front end event: window closed
INFO  2025-11-18T20:01:57.024+00:00 runtime-worker(ThreadId(2)) [1P:app/op-app/src/app/backend/lock.rs:211] Lock state changed: Locked
INFO  2025-11-18T20:01:57.024+00:00 runtime-worker(ThreadId(2)) [1P:app/op-app/src/app/backend/lock.rs:246] Locked. Reason: Manual.
INFO  2025-11-18T20:01:57.024+00:00 runtime-worker(ThreadId(6)) [1P:app/op-app/src/app/backend/mycelium/task_management.rs:65] Received a Mycelium channel close request, ignoring request as no task is actively running
INFO  2025-11-18T21:15:41.855+00:00 runtime-worker(ThreadId(8)) [1P:app/op-app/src/app/backend/lock.rs:211] Lock state changed: Locked
INFO  2025-11-18T21:15:41.856+00:00 runtime-worker(ThreadId(8)) [1P:app/op-app/src/app/backend/lock.rs:246] Locked. Reason: Manual.
INFO  2025-11-18T21:15:41.856+00:00 runtime-worker(ThreadId(5)) [1P:app/op-app/src/app/backend/mycelium/task_management.rs:65] Received a Mycelium channel close request, ignoring request as no task is actively running
INFO  2025-11-18T21:20:41.660+00:00 runtime-worker(ThreadId(3)) [1P:app/op-app/src/app/backend/lock.rs:211] Lock state changed: Locked
INFO  2025-11-18T21:20:41.660+00:00 runtime-worker(ThreadId(3)) [1P:app/op-app/src/app/backend/lock.rs:246] Locked. Reason: Manual.
INFO  2025-11-18T21:20:41.660+00:00 runtime-worker(ThreadId(2)) [1P:app/op-app/src/app/backend/mycelium/task_management.rs:65] Received a Mycelium channel close request, ignoring request as no task is actively running
INFO  2025-11-18T21:26:15.138+00:00 runtime-worker(ThreadId(5)) [1P:app/op-app/src/app/backend/lock.rs:211] Lock state changed: Locked
INFO  2025-11-18T21:26:15.138+00:00 runtime-worker(ThreadId(5)) [1P:app/op-app/src/app/backend/lock.rs:246] Locked. Reason: Manual.
INFO  2025-11-18T21:26:15.138+00:00 runtime-worker(ThreadId(4)) [1P:app/op-app/src/app/backend/mycelium/task_management.rs:65] Received a Mycelium channel close request, ignoring request as no task is actively running
ERROR 2025-11-18T22:46:35.339+00:00 ThreadId(10) [1P:op-crash-reporting/src/crash_handler.rs:257] Failed to prepare for requesting dump
