2025-11-29 15:06:36.359 [info] [main] Log level: Info
2025-11-29 15:06:36.359 [info] [main] Validating found git in: "git"
2025-11-29 15:06:36.359 [info] [main] Using git "2.52.0" from "git"
2025-11-29 15:06:36.359 [info] [Model][doInitialScan] Initial repository scan started
2025-11-29 15:06:36.359 [info] > git rev-parse --show-toplevel [35ms]
2025-11-29 15:06:36.359 [info] fatal: not a git repository (or any parent up to mount point /)
Stopping at filesystem boundary (GIT_DISCOVERY_ACROSS_FILESYSTEM not set).
2025-11-29 15:06:36.359 [info] > git rev-parse --show-toplevel [3ms]
2025-11-29 15:06:36.359 [info] fatal: not a git repository (or any parent up to mount point /)
Stopping at filesystem boundary (GIT_DISCOVERY_ACROSS_FILESYSTEM not set).
2025-11-29 15:06:36.359 [info] > git rev-parse --show-toplevel [4ms]
2025-11-29 15:06:36.359 [info] fatal: not a git repository (or any parent up to mount point /)
Stopping at filesystem boundary (GIT_DISCOVERY_ACROSS_FILESYSTEM not set).
2025-11-29 15:06:36.359 [info] > git rev-parse --show-toplevel [8ms]
2025-11-29 15:06:36.359 [info] fatal: not a git repository (or any parent up to mount point /)
Stopping at filesystem boundary (GIT_DISCOVERY_ACROSS_FILESYSTEM not set).
2025-11-29 15:06:36.359 [info] > git rev-parse --show-toplevel [3ms]
2025-11-29 15:06:36.359 [info] fatal: not a git repository (or any parent up to mount point /)
Stopping at filesystem boundary (GIT_DISCOVERY_ACROSS_FILESYSTEM not set).
2025-11-29 15:06:36.359 [info] > git rev-parse --show-toplevel [13ms]
2025-11-29 15:06:36.359 [info] fatal: not a git repository (or any parent up to mount point /)
Stopping at filesystem boundary (GIT_DISCOVERY_ACROSS_FILESYSTEM not set).
2025-11-29 15:06:36.359 [info] > git rev-parse --show-toplevel [3ms]
2025-11-29 15:06:36.359 [info] fatal: not a git repository (or any parent up to mount point /)
Stopping at filesystem boundary (GIT_DISCOVERY_ACROSS_FILESYSTEM not set).
2025-11-29 15:06:36.359 [info] > git rev-parse --show-toplevel [3ms]
2025-11-29 15:06:36.359 [info] fatal: not a git repository (or any parent up to mount point /)
Stopping at filesystem boundary (GIT_DISCOVERY_ACROSS_FILESYSTEM not set).
2025-11-29 15:06:36.359 [info] > git rev-parse --show-toplevel [3ms]
2025-11-29 15:06:36.359 [info] fatal: not a git repository (or any parent up to mount point /)
Stopping at filesystem boundary (GIT_DISCOVERY_ACROSS_FILESYSTEM not set).
2025-11-29 15:06:36.359 [info] > git rev-parse --show-toplevel [31ms]
2025-11-29 15:06:36.359 [info] fatal: not a git repository (or any parent up to mount point /)
Stopping at filesystem boundary (GIT_DISCOVERY_ACROSS_FILESYSTEM not set).
2025-11-29 15:06:36.359 [info] [Model][doInitialScan] Initial repository scan completed - repositories (0), closed repositories (0), parent repositories (0), unsafe repositories (0)
2025-11-29 15:06:38.670 [info] > git rev-parse --show-toplevel [165ms]
2025-11-29 15:06:38.670 [info] fatal: not a git repository (or any parent up to mount point /)
Stopping at filesystem boundary (GIT_DISCOVERY_ACROSS_FILESYSTEM not set).
2025-11-29 15:06:38.714 [info] > git rev-parse --show-toplevel [28ms]
2025-11-29 15:06:38.714 [info] fatal: not a git repository (or any parent up to mount point /)
Stopping at filesystem boundary (GIT_DISCOVERY_ACROSS_FILESYSTEM not set).
