2025-11-27 11:04:42.331 [info] [main] Log level: Info
2025-11-27 11:04:42.331 [info] [main] Validating found git in: "git"
2025-11-27 11:04:42.331 [info] [main] Using git "2.52.0" from "git"
2025-11-27 11:04:42.331 [info] [Model][doInitialScan] Initial repository scan started
2025-11-27 11:04:42.331 [info] > git rev-parse --show-toplevel [32ms]
2025-11-27 11:04:42.331 [info] fatal: not a git repository (or any parent up to mount point /)
Stopping at filesystem boundary (GIT_DISCOVERY_ACROSS_FILESYSTEM not set).
2025-11-27 11:04:42.331 [info] > git rev-parse --show-toplevel [108ms]
2025-11-27 11:04:42.331 [info] fatal: not a git repository (or any parent up to mount point /)
Stopping at filesystem boundary (GIT_DISCOVERY_ACROSS_FILESYSTEM not set).
2025-11-27 11:04:42.335 [info] > git rev-parse --show-toplevel [49ms]
2025-11-27 11:04:42.335 [info] fatal: not a git repository (or any parent up to mount point /)
Stopping at filesystem boundary (GIT_DISCOVERY_ACROSS_FILESYSTEM not set).
2025-11-27 11:04:44.486 [info] > git rev-parse --show-toplevel [160ms]
2025-11-27 11:04:44.486 [info] fatal: not a git repository (or any parent up to mount point /)
Stopping at filesystem boundary (GIT_DISCOVERY_ACROSS_FILESYSTEM not set).
2025-11-27 11:04:44.518 [info] > git rev-parse --show-toplevel [17ms]
2025-11-27 11:04:44.519 [info] fatal: not a git repository (or any parent up to mount point /)
Stopping at filesystem boundary (GIT_DISCOVERY_ACROSS_FILESYSTEM not set).
2025-11-27 11:04:44.539 [info] > git rev-parse --show-toplevel [13ms]
2025-11-27 11:04:44.539 [info] fatal: not a git repository (or any parent up to mount point /)
Stopping at filesystem boundary (GIT_DISCOVERY_ACROSS_FILESYSTEM not set).
2025-11-27 11:04:44.598 [info] > git rev-parse --show-toplevel [52ms]
2025-11-27 11:04:44.598 [info] fatal: not a git repository (or any parent up to mount point /)
Stopping at filesystem boundary (GIT_DISCOVERY_ACROSS_FILESYSTEM not set).
2025-11-27 11:04:44.612 [info] > git rev-parse --show-toplevel [7ms]
2025-11-27 11:04:44.612 [info] fatal: not a git repository (or any parent up to mount point /)
Stopping at filesystem boundary (GIT_DISCOVERY_ACROSS_FILESYSTEM not set).
2025-11-27 11:04:44.641 [info] > git rev-parse --show-toplevel [21ms]
2025-11-27 11:04:44.641 [info] fatal: not a git repository (or any parent up to mount point /)
Stopping at filesystem boundary (GIT_DISCOVERY_ACROSS_FILESYSTEM not set).
2025-11-27 11:04:44.651 [info] > git rev-parse --show-toplevel [1ms]
2025-11-27 11:04:44.651 [info] fatal: not a git repository (or any parent up to mount point /)
Stopping at filesystem boundary (GIT_DISCOVERY_ACROSS_FILESYSTEM not set).
2025-11-27 11:04:44.660 [info] > git rev-parse --show-toplevel [2ms]
2025-11-27 11:04:44.660 [info] fatal: not a git repository (or any parent up to mount point /)
Stopping at filesystem boundary (GIT_DISCOVERY_ACROSS_FILESYSTEM not set).
2025-11-27 11:04:44.670 [info] > git rev-parse --show-toplevel [3ms]
2025-11-27 11:04:44.670 [info] fatal: not a git repository (or any parent up to mount point /)
Stopping at filesystem boundary (GIT_DISCOVERY_ACROSS_FILESYSTEM not set).
2025-11-27 11:04:44.674 [info] [Model][doInitialScan] Initial repository scan completed - repositories (0), closed repositories (0), parent repositories (0), unsafe repositories (0)
