2025-11-29 15:06:30.747 [warning] [vscode-pylance]: Couldn't find message for key commands.pylance.reportIssue.title.
2025-11-29 15:06:30.748 [warning] [vscode-pylance]: Couldn't find message for key commands.pylance.indexing.clearPersistedIndices.title.
2025-11-29 15:06:30.748 [warning] [vscode-pylance]: Couldn't find message for key commands.pylance.profiling.start.title.
2025-11-29 15:06:30.748 [warning] [vscode-pylance]: Couldn't find message for key commands.pylance.profiling.stop.title.
2025-11-29 15:06:30.748 [warning] [vscode-pylance]: Couldn't find message for key commands.pylance.logging.start.title.
2025-11-29 15:06:30.749 [warning] [vscode-pylance]: Couldn't find message for key commands.pylance.logging.stop.title.
2025-11-29 15:06:30.749 [warning] [vscode-pylance]: Couldn't find message for key commands.pylance.gotoOutputChannel.title.
2025-11-29 15:06:30.749 [warning] [vscode-pylance]: Couldn't find message for key commands.pylance.runCurrentFileInSandbox.title.
2025-11-29 15:06:30.750 [warning] [vscode-pylance]: Couldn't find message for key commands.pylance.docstrings.fold.title.
2025-11-29 15:06:30.750 [warning] [vscode-pylance]: Couldn't find message for key commands.pylance.docstrings.unfold.title.
2025-11-29 15:06:30.750 [warning] [vscode-pylance]: Couldn't find message for key settings.python.analysis.inlayHints.variableTypes.description.
2025-11-29 15:06:30.750 [warning] [vscode-pylance]: Couldn't find message for key settings.python.analysis.inlayHints.functionReturnTypes.description.
2025-11-29 15:06:30.750 [warning] [vscode-pylance]: Couldn't find message for key settings.python.analysis.inlayHints.callArgumentNames.description.
2025-11-29 15:06:30.751 [warning] [vscode-pylance]: Couldn't find message for key settings.python.analysis.inlayHints.pytestParameters.description.
2025-11-29 15:06:30.751 [warning] [vscode-pylance]: Couldn't find message for key settings.python.analysis.completeFunctionParens.description.
2025-11-29 15:06:30.751 [warning] [vscode-pylance]: Couldn't find message for key settings.python.analysis.autoImportCompletions.description.
2025-11-29 15:06:30.751 [warning] [vscode-pylance]: Couldn't find message for key settings.python.analysis.showOnlyDirectDependenciesInAutoImport.description.
2025-11-29 15:06:30.752 [warning] [vscode-pylance]: Couldn't find message for key settings.python.analysis.autoFormatStrings.description.
2025-11-29 15:06:30.752 [warning] [vscode-pylance]: Couldn't find message for key settings.python.analysis.autoSearchPaths.description.
2025-11-29 15:06:30.752 [warning] [vscode-pylance]: Couldn't find message for key settings.python.analysis.stubPath.description.
2025-11-29 15:06:30.753 [warning] [vscode-pylance]: Couldn't find message for key settings.python.analysis.diagnosticMode.description.
2025-11-29 15:06:30.753 [warning] [vscode-pylance]: Couldn't find message for key settings.python.analysis.extraPaths.description.
2025-11-29 15:06:30.753 [warning] [vscode-pylance]: Couldn't find message for key settings.python.analysis.include.description.
2025-11-29 15:06:30.754 [warning] [vscode-pylance]: Couldn't find message for key settings.python.analysis.exclude.description.
2025-11-29 15:06:30.754 [warning] [vscode-pylance]: Couldn't find message for key settings.python.analysis.ignore.description.
2025-11-29 15:06:30.754 [warning] [vscode-pylance]: Couldn't find message for key settings.python.analysis.indexing.description.
2025-11-29 15:06:30.755 [warning] [vscode-pylance]: Couldn't find message for key settings.python.analysis.userFileIndexingLimit.description.
2025-11-29 15:06:30.755 [warning] [vscode-pylance]: Couldn't find message for key settings.python.analysis.persistAllIndices.description.
2025-11-29 15:06:30.755 [warning] [vscode-pylance]: Couldn't find message for key settings.python.analysis.includeAliasesFromUserFiles.description.
2025-11-29 15:06:30.755 [warning] [vscode-pylance]: Couldn't find message for key settings.python.analysis.extraCommitChars.description.
2025-11-29 15:06:30.755 [warning] [vscode-pylance]: Couldn't find message for key settings.python.analysis.useLibraryCodeForTypes.description.
2025-11-29 15:06:30.756 [warning] [vscode-pylance]: Couldn't find message for key settings.python.analysis.autoIndent.description.
2025-11-29 15:06:30.756 [warning] [vscode-pylance]: Couldn't find message for key settings.python.analysis.autoSplitStrings.description.
2025-11-29 15:06:30.757 [warning] [vscode-pylance]: Couldn't find message for key settings.typecheckingMode.compare.description.
2025-11-29 15:06:30.757 [warning] [vscode-pylance]: Couldn't find message for key settings.typecheckingMode.off.description.
2025-11-29 15:06:30.757 [warning] [vscode-pylance]: Couldn't find message for key settings.typecheckingMode.basic.description.
2025-11-29 15:06:30.757 [warning] [vscode-pylance]: Couldn't find message for key settings.typecheckingMode.standard.description.
2025-11-29 15:06:30.758 [warning] [vscode-pylance]: Couldn't find message for key settings.typecheckingMode.strict.description.
2025-11-29 15:06:30.758 [warning] [vscode-pylance]: Couldn't find message for key settings.python.analysis.fixAll.description.
2025-11-29 15:06:30.758 [warning] [vscode-pylance]: Couldn't find message for key settings.python.analysis.packageIndexDepths.description.
2025-11-29 15:06:30.759 [warning] [vscode-pylance]: Couldn't find message for key settings.python.analysis.typeEvaluation.strictListInference.description.
2025-11-29 15:06:30.759 [warning] [vscode-pylance]: Couldn't find message for key settings.python.analysis.typeEvaluation.strictDictionaryInference.description.
2025-11-29 15:06:30.759 [warning] [vscode-pylance]: Couldn't find message for key settings.python.analysis.typeEvaluation.strictSetInference.description.
2025-11-29 15:06:30.760 [warning] [vscode-pylance]: Couldn't find message for key settings.python.analysis.typeEvaluation.analyzeUnannotatedFunctions.description.
2025-11-29 15:06:30.760 [warning] [vscode-pylance]: Couldn't find message for key settings.python.analysis.typeEvaluation.strictParameterNoneValue.description.
2025-11-29 15:06:30.763 [warning] [vscode-pylance]: Couldn't find message for key settings.python.analysis.typeEvaluation.enableTypeIgnoreComments.description.
2025-11-29 15:06:30.763 [warning] [vscode-pylance]: Couldn't find message for key settings.python.analysis.typeEvaluation.deprecateTypingAliases.description.
2025-11-29 15:06:30.764 [warning] [vscode-pylance]: Couldn't find message for key settings.python.analysis.typeEvaluation.enableReachabilityAnalysis.description.
2025-11-29 15:06:30.764 [warning] [vscode-pylance]: Couldn't find message for key settings.python.analysis.typeEvaluation.enableExperimentalFeatures.description.
2025-11-29 15:06:30.765 [warning] [vscode-pylance]: Couldn't find message for key settings.python.analysis.typeEvaluation.disableBytesTypePromotions.description.
2025-11-29 15:06:30.765 [warning] [vscode-pylance]: Couldn't find message for key settings.python.analysis.diagnosticSeverityOverrides.description.
2025-11-29 15:06:30.765 [warning] [vscode-pylance]: Couldn't find message for key settings.python.analysis.disableTaggedHints.description.
2025-11-29 15:06:30.765 [warning] [vscode-pylance]: Couldn't find message for key settings.python.analysis.logLevel.description.
2025-11-29 15:06:30.768 [warning] [vscode-pylance]: Couldn't find message for key settings.python.analysis.importFormat.description.
2025-11-29 15:06:30.769 [warning] [vscode-pylance]: Couldn't find message for key settings.python.analysis.reportExtraTelemetry.description.
2025-11-29 15:06:30.769 [warning] [vscode-pylance]: Couldn't find message for key settings.python.analysis.enablePytestSupport.description.
2025-11-29 15:06:30.769 [warning] [vscode-pylance]: Couldn't find message for key settings.python.analysis.gotoDefinitionInStringLiteral.description.
2025-11-29 15:06:30.770 [warning] [vscode-pylance]: Couldn't find message for key settings.python.analysis.nodeExecutable.description.
2025-11-29 15:06:30.771 [warning] [vscode-pylance]: Couldn't find message for key settings.python.analysis.nodeArguments.description.
2025-11-29 15:06:30.771 [warning] [vscode-pylance]: Couldn't find message for key settings.python.analysis.supportRestructuredText.description.
2025-11-29 15:06:30.771 [warning] [vscode-pylance]: Couldn't find message for key settings.python.analysis.cacheLSPData.description.
2025-11-29 15:06:30.772 [warning] [vscode-pylance]: Couldn't find message for key settings.python.analysis.regenerateStdLibIndices.description.
2025-11-29 15:06:30.772 [warning] [vscode-pylance]: Couldn't find message for key settings.python.analysis.aiCodeActions.description.
2025-11-29 15:06:30.773 [warning] [vscode-pylance]: Couldn't find message for key settings.python.analysis.aiCodeActions.implementAbstractClasses.description.
2025-11-29 15:06:30.773 [warning] [vscode-pylance]: Couldn't find message for key settings.python.analysis.aiCodeActions.generateDocstring.description.
2025-11-29 15:06:30.774 [warning] [vscode-pylance]: Couldn't find message for key settings.python.analysis.aiCodeActions.generateSymbol.description.
2025-11-29 15:06:30.774 [warning] [vscode-pylance]: Couldn't find message for key settings.python.analysis.aiCodeActions.convertLambdaToNamedFunction.description.
2025-11-29 15:06:30.774 [warning] [vscode-pylance]: Couldn't find message for key settings.python.analysis.aiCodeActions.convertFormatString.description.
2025-11-29 15:06:30.774 [warning] [vscode-pylance]: Couldn't find message for key settings.python.analysis.generateWithTypeAnnotation.description.
2025-11-29 15:06:30.775 [warning] [vscode-pylance]: Couldn't find message for key settings.languageServerMode.description.
2025-11-29 15:06:30.775 [warning] [vscode-pylance]: Couldn't find message for key settings.languageServerMode.light.description.
2025-11-29 15:06:30.775 [warning] [vscode-pylance]: Couldn't find message for key settings.languageServerMode.default.description.
2025-11-29 15:06:30.775 [warning] [vscode-pylance]: Couldn't find message for key settings.languageServerMode.full.description.
2025-11-29 15:06:30.776 [warning] [vscode-pylance]: Couldn't find message for key settings.python.analysis.supportDocstringTemplate.description.
2025-11-29 15:06:30.776 [warning] [vscode-pylance]: Couldn't find message for key settings.python.analysis.displayEnglishDiagnostics.description.
2025-11-29 15:06:30.776 [warning] [vscode-pylance]: Couldn't find message for key settings.python.analysis.enableEditableInstalls.description.
2025-11-29 15:06:30.777 [warning] [vscode-pylance]: Couldn't find message for key settings.python.analysis.diagnosticsSource.description.
2025-11-29 15:06:30.777 [warning] [vscode-pylance]: Couldn't find message for key settings.python.analysis.diagnosticsSource.pylance.description.
2025-11-29 15:06:30.777 [warning] [vscode-pylance]: Couldn't find message for key settings.python.analysis.diagnosticsSource.pyright.description.
2025-11-29 15:06:30.777 [warning] [vscode-pylance]: Couldn't find message for key settings.python.analysis.pyrightVersion.description.
2025-11-29 15:06:30.778 [warning] [vscode-pylance]: Couldn't find message for key settings.python.analysis.enablePrecomputeContext.description.
2025-11-29 15:06:30.778 [warning] [vscode-pylance]: Couldn't find message for key settings.python.analysis.enablePerfTelemetry.description.
2025-11-29 15:06:30.778 [warning] [vscode-pylance]: Couldn't find message for key settings.python.analysis.supportAllPythonDocuments.description.
2025-11-29 15:06:30.778 [warning] [vscode-pylance]: Couldn't find message for key settings.python.analysis.enableColorPicker.description.
2025-11-29 15:06:30.779 [warning] [vscode-pylance]: Couldn't find message for key settings.python.analysis.aiHoverSummaries.description.
2025-11-29 15:06:30.779 [warning] [vscode-pylance]: Couldn't find message for key settings.python.analysis.enableTroubleshootMissingImports.description.
2025-11-29 15:06:30.779 [warning] [vscode-pylance]: Couldn't find message for key settings.python.analysis.enableAsyncProgram.description.
2025-11-29 15:06:30.779 [warning] [vscode-pylance]: Couldn't find message for key settings.python.analysis.typeServerExecutable.description.
2025-11-29 15:06:30.780 [warning] [vscode-pylance]: Couldn't find message for key settings.python.analysis.typeServerArguments.description.
2025-11-29 15:06:30.780 [warning] [vscode-pylance]: Couldn't find message for key settings.python.analysis.enableSnippetExtraTelemetry.description.
2025-11-29 15:06:31.548 [info] Deleted marked for removal extension from disk ms-vscode.cpptools /home/david/.vscode/extensions/ms-vscode.cpptools-1.29.0-linux-x64
2025-11-29 15:06:31.981 [info] Deleted marked for removal extension from disk ms-python.vscode-pylance /home/david/.vscode/extensions/ms-python.vscode-pylance-2025.9.1
