2025-11-29 15:06:31.311 [info] Extension host with pid 15139 started
2025-11-29 15:06:31.311 [info] Skipping acquiring lock for /home/david/.config/Code/User/workspaceStorage/ff7242949d3d3c1a9a1e645761398b9a.
2025-11-29 15:06:32.641 [info] ExtensionService#_doActivateExtension vscode.github-authentication, startup: false, activationEvent: 'onAuthenticationRequest:github'
2025-11-29 15:06:32.719 [info] ExtensionService#_doActivateExtension vscode.emmet, startup: false, activationEvent: 'onLanguage'
2025-11-29 15:06:32.759 [info] ExtensionService#_doActivateExtension ms-python.python, startup: false, activationEvent: 'onLanguage:python', root cause: ms-python.debugpy
2025-11-29 15:06:33.293 [info] ExtensionService#_doActivateExtension ms-python.vscode-pylance, startup: false, activationEvent: 'onLanguage:python'
2025-11-29 15:06:34.567 [info] ExtensionService#_doActivateExtension ms-python.vscode-python-envs, startup: false, activationEvent: 'onLanguage:python'
2025-11-29 15:06:34.927 [info] ExtensionService#_doActivateExtension vscode.git-base, startup: true, activationEvent: '*', root cause: vscode.git
2025-11-29 15:06:35.124 [info] ExtensionService#_doActivateExtension vscode.terminal-suggest, startup: false, activationEvent: 'onTerminalShellIntegration:*'
2025-11-29 15:06:35.561 [info] ExtensionService#_doActivateExtension vscode.git, startup: true, activationEvent: '*'
2025-11-29 15:06:35.766 [info] ExtensionService#_doActivateExtension vscode.github, startup: true, activationEvent: '*'
2025-11-29 15:06:36.311 [info] Eager extensions activated
2025-11-29 15:06:36.384 [info] ExtensionService#_doActivateExtension vscode.debug-auto-launch, startup: false, activationEvent: 'onStartupFinished'
2025-11-29 15:06:36.397 [info] ExtensionService#_doActivateExtension vscode.merge-conflict, startup: false, activationEvent: 'onStartupFinished'
2025-11-29 15:06:36.443 [info] ExtensionService#_doActivateExtension Catppuccin.catppuccin-vsc, startup: false, activationEvent: 'onStartupFinished'
2025-11-29 15:06:36.453 [info] ExtensionService#_doActivateExtension Codeium.codeium, startup: false, activationEvent: 'onStartupFinished'
2025-11-29 15:06:37.734 [info] ExtensionService#_doActivateExtension monokai.theme-monokai-pro-vscode, startup: false, activationEvent: 'onStartupFinished'
2025-11-29 15:06:37.750 [info] ExtensionService#_doActivateExtension ms-vscode-remote.remote-containers, startup: false, activationEvent: 'onStartupFinished'
2025-11-29 15:06:38.160 [info] ExtensionService#_doActivateExtension sainnhe.everforest, startup: false, activationEvent: 'onStartupFinished'
2025-11-29 15:06:38.258 [info] ExtensionService#_doActivateExtension ms-python.debugpy, startup: false, activationEvent: 'onLanguage:python'
2025-11-29 15:06:42.521 [warning] DiagnosticCollection with name 'Pylance' does already exist.
2025-11-29 15:06:42.641 [warning] DiagnosticCollection with name 'Pylance' does already exist.
2025-11-29 15:07:05.609 [info] Extension host terminating: renderer closed the MessagePort
2025-11-29 15:07:05.675 [error] TypeError: Cannot read properties of undefined (reading 'subscriptions')
	at Object.G [as deactivate] (/home/david/.vscode/extensions/ms-python.vscode-python-envs-1.12.0-linux-x64/dist/extension.js:2:681672)
	at kX.eb (file:///opt/visual-studio-code/resources/app/out/vs/workbench/api/node/extensionHostProcess.js:118:11850)
	at file:///opt/visual-studio-code/resources/app/out/vs/workbench/api/node/extensionHostProcess.js:118:10000
	at Array.map (<anonymous>)
	at kX.$ (file:///opt/visual-studio-code/resources/app/out/vs/workbench/api/node/extensionHostProcess.js:118:9988)
	at kX.terminate (file:///opt/visual-studio-code/resources/app/out/vs/workbench/api/node/extensionHostProcess.js:118:10231)
	at nN.terminate (file:///opt/visual-studio-code/resources/app/out/vs/workbench/api/node/extensionHostProcess.js:120:914)
	at Fs (file:///opt/visual-studio-code/resources/app/out/vs/workbench/api/node/extensionHostProcess.js:402:10411)
	at MessagePortMain.<anonymous> (file:///opt/visual-studio-code/resources/app/out/vs/workbench/api/node/extensionHostProcess.js:402:6949)
	at MessagePortMain.emit (node:events:519:28)
	at MessagePortMain.emit (node:domain:489:12)
	at MessagePortMain._internalPort.emit (node:electron/js2c/utility_init:2:2949)
2025-11-29 15:07:05.679 [info] Extension host with pid 15139 exiting with code 0
