(VSCode) 2025-11-29 15:06:38.439 [INFO]: No proxy settings found
(VSCode) 2025-11-29 15:06:39.467 [INFO]: Checking network connection...
(VSCode) 2025-11-29 15:06:40.007 [INFO]: No Network Issue connecting to https://server.codeium.com/healthz
(VSCode) 2025-11-29 15:06:40.194 [INFO]: Creating manager directory: /tmp/930f9a6a-4d87-4464-8b8f-6552a91b04e0/codeium/manager
(VSCode) 2025-11-29 15:06:41.659 [INFO]: Using cached LS with valid crc32: /home/david/.vscode/extensions/codeium.codeium-1.48.2/dist/e03af6ebc40b844314d448f947c80b636d093049/language_server_linux_x64
(VSCode) 2025-11-29 15:06:41.669 [INFO]: Language server started
2025/11/29 15:06:41 maxprocs: Leaving GOMAXPROCS=8: CPU quota undefined
I1129 15:06:42.095171 15856 main.go:604] [Language Server Manager] Setting GOMAXPROCS to 4
I1129 15:06:42.095317 15856 main.go:750] [Language Server Manager] Release 1.48.2 (e03af6ebc40b844314d448f947c80b636d093049)
I1129 15:06:42.095363 15856 main.go:829] [Language Server Manager] Starting language server manager with pid 15856
I1129 15:06:42.095491 15856 main.go:138] [Language Server Manager] Manager acquired its lock file /tmp/930f9a6a-4d87-4464-8b8f-6552a91b04e0/codeium/manager/locks/manager.lock
I1129 15:06:42.096458 15856 main.go:283] [Language Server Manager] Waiting for random port file in /tmp/930f9a6a-4d87-4464-8b8f-6552a91b04e0/codeium/manager/child_random_port_1764425202095617895_8748529580317479431 to be created
2025/11/29 15:06:42 maxprocs: Leaving GOMAXPROCS=8: CPU quota undefined
I1129 15:06:42.546725 15870 main.go:604] Setting GOMAXPROCS to 4
I1129 15:06:42.547083 15870 main.go:823] Starting language server process with pid 15870
I1129 15:06:42.547147 15870 server.go:296] Language server will attempt to listen on host 127.0.0.1
I1129 15:06:42.547470 15870 server.go:303] Language server listening on random port at 43889
I1129 15:06:43.592101 15870 web_server.go:256] Chat Web Server listening at ws://127.0.0.1:34697
I1129 15:06:44.114799 15870 server.go:955] Local search is enabled, will index local files.
I1129 15:06:44.114874 15870 server.go:959] Using 2 indexer workers
I1129 15:06:44.274668 15870 server.go:1196] Child process attempting to acquire lock file /tmp/930f9a6a-4d87-4464-8b8f-6552a91b04e0/codeium/manager/locks/child_lock_1764425202095675936_3948944598997554666
I1129 15:06:44.274810 15870 server.go:1204] Child process acquired lock file /tmp/930f9a6a-4d87-4464-8b8f-6552a91b04e0/codeium/manager/locks/child_lock_1764425202095675936_3948944598997554666
44955
I1129 15:06:44.412070 15856 main.go:319] [Language Server Manager] Found random server port 43889
I1129 15:06:44.412140 15856 main.go:320] [Language Server Manager] Found random lsp port 44955
I1129 15:06:44.412228 15856 main.go:327] [Language Server Manager] Attempting to connect to language server at 127.0.0.1:43889
I1129 15:06:44.426572 15856 main.go:192] [Language Server Manager] Fixing language server port at 43889
I1129 15:06:44.426670 15856 main.go:381] [Language Server Manager] Successfully connected to new language server at 127.0.0.1:43889
(VSCode) 2025-11-29 15:06:44.526 [INFO]: Found language server running on port 43889
(VSCode) 2025-11-29 15:06:45.168 [INFO]: openAllTextDocuments took 308.0097889999997ms
BEWARE: your OS is not officially supported by Playwright; downloading fallback build for ubuntu20.04-x64.
(VSCode) 2025-11-29 15:06:46.097 [ERROR]: Invalid LSP port: BEWARE: your OS is not officially supported by Playwright; downloading fallback build for ubuntu20.04-x64.

BEWARE: your OS is not officially supported by Playwright; downloading fallback build for ubuntu20.04-x64.
BEWARE: your OS is not officially supported by Playwright; downloading fallback build for ubuntu20.04-x64.
(VSCode) 2025-11-29 15:06:46.102 [ERROR]: Invalid LSP port: BEWARE: your OS is not officially supported by Playwright; downloading fallback build for ubuntu20.04-x64.
BEWARE: your OS is not officially supported by Playwright; downloading fallback build for ubuntu20.04-x64.

(VSCode) 2025-11-29 15:07:05.648 [INFO]: Disposing language server process
(VSCode) 2025-11-29 15:07:05.648 [INFO]: Deleting manager directory: /tmp/930f9a6a-4d87-4464-8b8f-6552a91b04e0/codeium/manager
(VSCode) 2025-11-29 15:07:05.651 [INFO]: Successfully disposed language server
