(VSCode) 2025-11-27 11:04:44.242 [INFO]: No proxy settings found
(VSCode) 2025-11-27 11:04:49.274 [ERROR]: Failed to initialize Unleash: undefined
(VSCode) 2025-11-27 11:04:49.275 [INFO]: Checking network connection...
(VSCode) 2025-11-27 11:04:55.404 [ERROR]: 
      Network Test Response Summary:
      Code: ECONNRESET,
      Message: Request timed out,
      Error Message: socket hang up
      Proxy Headers: undefined,
      Certificate Info:
        Valid From: ,
        Valid To: ,
      Expired: false,
      
(VSCode) 2025-11-27 11:04:55.444 [INFO]: Creating manager directory: /tmp/68297950-ef0f-48b8-b065-8409b47fc33f/codeium/manager
(VSCode) 2025-11-27 11:04:57.043 [INFO]: Using cached LS with valid crc32: /home/david/.vscode/extensions/codeium.codeium-1.48.2/dist/e03af6ebc40b844314d448f947c80b636d093049/language_server_linux_x64
(VSCode) 2025-11-27 11:04:57.058 [INFO]: Language server started
2025/11/27 11:04:57 maxprocs: Leaving GOMAXPROCS=8: CPU quota undefined
I1127 11:04:57.653855  3480 main.go:604] [Language Server Manager] Setting GOMAXPROCS to 4
I1127 11:04:57.654116  3480 main.go:750] [Language Server Manager] Release 1.48.2 (e03af6ebc40b844314d448f947c80b636d093049)
I1127 11:04:57.654210  3480 main.go:829] [Language Server Manager] Starting language server manager with pid 3480
I1127 11:04:57.654377  3480 main.go:138] [Language Server Manager] Manager acquired its lock file /tmp/68297950-ef0f-48b8-b065-8409b47fc33f/codeium/manager/locks/manager.lock
I1127 11:04:57.655266  3480 main.go:283] [Language Server Manager] Waiting for random port file in /tmp/68297950-ef0f-48b8-b065-8409b47fc33f/codeium/manager/child_random_port_1764237897654507379_8172915526875861180 to be created
2025/11/27 11:04:57 maxprocs: Leaving GOMAXPROCS=8: CPU quota undefined
I1127 11:04:58.173413  3527 main.go:604] Setting GOMAXPROCS to 4
I1127 11:04:58.173720  3527 main.go:823] Starting language server process with pid 3527
I1127 11:04:58.173788  3527 server.go:296] Language server will attempt to listen on host 127.0.0.1
I1127 11:04:58.174182  3527 server.go:303] Language server listening on random port at 36523
I1127 11:04:59.200469  3527 web_server.go:256] Chat Web Server listening at ws://127.0.0.1:43813
I1127 11:05:00.025538  3527 server.go:1196] Child process attempting to acquire lock file /tmp/68297950-ef0f-48b8-b065-8409b47fc33f/codeium/manager/locks/child_lock_1764237897654544046_7545720711640245861
I1127 11:05:00.025654  3527 server.go:1204] Child process acquired lock file /tmp/68297950-ef0f-48b8-b065-8409b47fc33f/codeium/manager/locks/child_lock_1764237897654544046_7545720711640245861
43631
I1127 11:05:00.063030  3480 main.go:319] [Language Server Manager] Found random server port 36523
I1127 11:05:00.063095  3480 main.go:320] [Language Server Manager] Found random lsp port 43631
I1127 11:05:00.063148  3480 main.go:327] [Language Server Manager] Attempting to connect to language server at 127.0.0.1:36523
I1127 11:05:00.079195  3480 main.go:192] [Language Server Manager] Fixing language server port at 36523
I1127 11:05:00.079814  3480 main.go:381] [Language Server Manager] Successfully connected to new language server at 127.0.0.1:36523
(VSCode) 2025-11-27 11:05:00.177 [INFO]: Found language server running on port 36523
(VSCode) 2025-11-27 11:05:00.767 [INFO]: openAllTextDocuments took 44.52491100000043ms
BEWARE: your OS is not officially supported by Playwright; downloading fallback build for ubuntu20.04-x64.
(VSCode) 2025-11-27 11:05:01.572 [ERROR]: Invalid LSP port: BEWARE: your OS is not officially supported by Playwright; downloading fallback build for ubuntu20.04-x64.

BEWARE: your OS is not officially supported by Playwright; downloading fallback build for ubuntu20.04-x64.
BEWARE: your OS is not officially supported by Playwright; downloading fallback build for ubuntu20.04-x64.
(VSCode) 2025-11-27 11:05:01.574 [ERROR]: Invalid LSP port: BEWARE: your OS is not officially supported by Playwright; downloading fallback build for ubuntu20.04-x64.
BEWARE: your OS is not officially supported by Playwright; downloading fallback build for ubuntu20.04-x64.

