2025-11-27 11:04:38.122 [info] Extension host with pid 2283 started
2025-11-27 11:04:38.122 [info] Skipping acquiring lock for /home/david/.config/Code/User/workspaceStorage/ff7242949d3d3c1a9a1e645761398b9a.
2025-11-27 11:04:38.957 [info] ExtensionService#_doActivateExtension vscode.github-authentication, startup: false, activationEvent: 'onAuthenticationRequest:github'
2025-11-27 11:04:39.038 [info] ExtensionService#_doActivateExtension vscode.emmet, startup: false, activationEvent: 'onLanguage'
2025-11-27 11:04:39.083 [info] ExtensionService#_doActivateExtension ms-python.python, startup: false, activationEvent: 'onLanguage:python', root cause: ms-python.debugpy
2025-11-27 11:04:39.527 [info] ExtensionService#_doActivateExtension ms-python.vscode-pylance, startup: false, activationEvent: 'onLanguage:python'
2025-11-27 11:04:40.665 [info] ExtensionService#_doActivateExtension ms-python.vscode-python-envs, startup: false, activationEvent: 'onLanguage:python'
2025-11-27 11:04:41.038 [info] ExtensionService#_doActivateExtension vscode.git-base, startup: true, activationEvent: '*', root cause: vscode.git
2025-11-27 11:04:41.181 [info] ExtensionService#_doActivateExtension vscode.terminal-suggest, startup: false, activationEvent: 'onTerminalShellIntegration:*'
2025-11-27 11:04:41.629 [info] ExtensionService#_doActivateExtension vscode.git, startup: true, activationEvent: '*'
2025-11-27 11:04:41.783 [info] ExtensionService#_doActivateExtension vscode.github, startup: true, activationEvent: '*'
2025-11-27 11:04:42.276 [info] Eager extensions activated
2025-11-27 11:04:42.340 [info] ExtensionService#_doActivateExtension vscode.debug-auto-launch, startup: false, activationEvent: 'onStartupFinished'
2025-11-27 11:04:42.345 [info] ExtensionService#_doActivateExtension vscode.merge-conflict, startup: false, activationEvent: 'onStartupFinished'
2025-11-27 11:04:42.387 [info] ExtensionService#_doActivateExtension Catppuccin.catppuccin-vsc, startup: false, activationEvent: 'onStartupFinished'
2025-11-27 11:04:42.399 [info] ExtensionService#_doActivateExtension Codeium.codeium, startup: false, activationEvent: 'onStartupFinished'
2025-11-27 11:04:43.715 [info] ExtensionService#_doActivateExtension monokai.theme-monokai-pro-vscode, startup: false, activationEvent: 'onStartupFinished'
2025-11-27 11:04:43.729 [info] ExtensionService#_doActivateExtension ms-vscode-remote.remote-containers, startup: false, activationEvent: 'onStartupFinished'
2025-11-27 11:04:44.016 [info] ExtensionService#_doActivateExtension sainnhe.everforest, startup: false, activationEvent: 'onStartupFinished'
2025-11-27 11:04:44.073 [info] ExtensionService#_doActivateExtension ms-python.debugpy, startup: false, activationEvent: 'onLanguage:python'
2025-11-27 11:04:47.813 [warning] DiagnosticCollection with name 'Pylance' does already exist.
2025-11-27 11:04:47.968 [warning] DiagnosticCollection with name 'Pylance' does already exist.
